<?xml version="1.0" encoding="UTF-8"?>
<testng-results skipped="0" failed="0" ignored="0" total="1" passed="1">
  <reporter-output>
  </reporter-output>
  <suite name="Default suite" duration-ms="13211" started-at="2020-01-20T15:29:44 BRT" finished-at="2020-01-20T15:29:57 BRT">
    <groups>
    </groups>
    <test name="Default test" duration-ms="13211" started-at="2020-01-20T15:29:44 BRT" finished-at="2020-01-20T15:29:57 BRT">
      <class name="br.com.rsinet.hub_tdd.Test.Produto_CategoriaErro">
        <test-method status="PASS" signature="PesquisaProdutoCategoria()[pri:0, instance:br.com.rsinet.hub_tdd.Test.Produto_CategoriaErro@704a52ec]" name="PesquisaProdutoCategoria" duration-ms="13182" started-at="2020-01-20T15:29:44 BRT" finished-at="2020-01-20T15:29:57 BRT">
          <reporter-output>
          </reporter-output>
        </test-method> <!-- PesquisaProdutoCategoria -->
        <test-method status="PASS" signature="finaliza_teste()[pri:0, instance:br.com.rsinet.hub_tdd.Test.Produto_CategoriaErro@704a52ec]" name="finaliza_teste" is-config="true" duration-ms="0" started-at="2020-01-20T15:29:57 BRT" finished-at="2020-01-20T15:29:57 BRT">
          <reporter-output>
          </reporter-output>
        </test-method> <!-- finaliza_teste -->
      </class> <!-- br.com.rsinet.hub_tdd.Test.Produto_CategoriaErro -->
    </test> <!-- Default test -->
  </suite> <!-- Default suite -->
</testng-results>
